build/outputs/logs/manifest-merger-debug-report.txt
-- Merging decision tree log ---
manifest
ADDED from src/main/AndroidManifest.xml:2:1-20:12
	package
		ADDED from src/main/AndroidManifest.xml:3:7-45
		INJECTED from src/main/AndroidManifest.xml
		INJECTED from src/main/AndroidManifest.xml
	android:versionName
		ADDED from src/main/AndroidManifest.xml:5:7-32
		INJECTED from src/main/AndroidManifest.xml
		INJECTED from src/main/AndroidManifest.xml
	android:versionCode
		ADDED from src/main/AndroidManifest.xml:4:7-30
		INJECTED from src/main/AndroidManifest.xml
		INJECTED from src/main/AndroidManifest.xml
	xmlns:android
		ADDED from src/main/AndroidManifest.xml:2:11-69
application
ADDED from src/main/AndroidManifest.xml:6:5-16:19
	android:label
		ADDED from src/main/AndroidManifest.xml:6:63-86
	android:debuggable
		ADDED from src/main/AndroidManifest.xml:6:87-113
	android:icon
		ADDED from src/main/AndroidManifest.xml:6:18-62
activity#com.tyz.androidgames.pyramid.TYZGame
ADDED from src/main/AndroidManifest.xml:7:9-15:20
	android:screenOrientation
		ADDED from src/main/AndroidManifest.xml:10:19-55
	android:label
		ADDED from src/main/AndroidManifest.xml:8:19-42
	android:configChanges
		ADDED from src/main/AndroidManifest.xml:9:19-78
	android:name
		ADDED from src/main/AndroidManifest.xml:7:19-42
intent-filter#android.intent.action.MAIN+android.intent.category.LAUNCHER
ADDED from src/main/AndroidManifest.xml:11:13-14:29
action#android.intent.action.MAIN
ADDED from src/main/AndroidManifest.xml:12:17-69
	android:name
		ADDED from src/main/AndroidManifest.xml:12:25-66
category#android.intent.category.LAUNCHER
ADDED from src/main/AndroidManifest.xml:13:17-77
	android:name
		ADDED from src/main/AndroidManifest.xml:13:27-74
uses-permission#android.permission.WAKE_LOCK
ADDED from src/main/AndroidManifest.xml:17:5-68
	android:name
		ADDED from src/main/AndroidManifest.xml:17:22-65
uses-permission#android.permission.WRITE_EXTERNAL_STORAGE
ADDED from src/main/AndroidManifest.xml:18:5-80
	android:name
		ADDED from src/main/AndroidManifest.xml:18:22-78
uses-sdk
ADDED from src/main/AndroidManifest.xml:19:5-71
	android:targetSdkVersion
		ADDED from src/main/AndroidManifest.xml:19:41-69
		INJECTED from src/main/AndroidManifest.xml
		INJECTED from src/main/AndroidManifest.xml
	android:minSdkVersion
		ADDED from src/main/AndroidManifest.xml:19:15-40